Using pre-set license
Built from '2022.2/release' branch; Version is '2022.2.13f1 (5f5de2657605) revision 6249954'; Using compiler version '192829333'; Build Type 'Release'
OS: 'Windows 11  (10.0.22631) 64bit Professional' Language: 'ja' Physical Memory: 16086 MB
BatchMode: 1, IsHumanControllingUs: 0, StartBugReporterOnCrash: 0, Is64bit: 1, IsPro: 1

COMMAND LINE ARGUMENTS:
C:\Program Files\Unity\Hub\Editor\2022.2.13f1\Editor\Unity.exe
-adb2
-batchMode
-noUpm
-name
AssetImportWorker0
-projectPath
C:/Unity/DDAdayo/DragDropAttack
-logFile
Logs/AssetImportWorker0.log
-srvPort
51618
Successfully changed project path to: C:/Unity/DDAdayo/DragDropAttack
C:/Unity/DDAdayo/DragDropAttack
[UnityMemory] Configuration Parameters - Can be set up in boot.config
    "memorysetup-bucket-allocator-granularity=16"
    "memorysetup-bucket-allocator-bucket-count=8"
    "memorysetup-bucket-allocator-block-size=33554432"
    "memorysetup-bucket-allocator-block-count=8"
    "memorysetup-main-allocator-block-size=16777216"
    "memorysetup-thread-allocator-block-size=16777216"
    "memorysetup-gfx-main-allocator-block-size=16777216"
    "memorysetup-gfx-thread-allocator-block-size=16777216"
    "memorysetup-cache-allocator-block-size=4194304"
    "memorysetup-typetree-allocator-block-size=2097152"
    "memorysetup-profiler-bucket-allocator-granularity=16"
    "memorysetup-profiler-bucket-allocator-bucket-count=8"
    "memorysetup-profiler-bucket-allocator-block-size=33554432"
    "memorysetup-profiler-bucket-allocator-block-count=8"
    "memorysetup-profiler-allocator-block-size=16777216"
    "memorysetup-profiler-editor-allocator-block-size=1048576"
    "memorysetup-temp-allocator-size-main=16777216"
    "memorysetup-job-temp-allocator-block-size=2097152"
    "memorysetup-job-temp-allocator-block-size-background=1048576"
    "memorysetup-job-temp-allocator-reduction-small-platforms=262144"
    "memorysetup-temp-allocator-size-background-worker=32768"
    "memorysetup-temp-allocator-size-job-worker=262144"
    "memorysetup-temp-allocator-size-preload-manager=33554432"
    "memorysetup-temp-allocator-size-nav-mesh-worker=65536"
    "memorysetup-temp-allocator-size-audio-worker=65536"
    "memorysetup-temp-allocator-size-cloud-worker=32768"
    "memorysetup-temp-allocator-size-gi-baking-worker=262144"
    "memorysetup-temp-allocator-size-gfx=262144"
Player connection [24840] Host "[IP] 10.18.13.106 [Port] 0 [Flags] 2 [Guid] 1967477895 [EditorId] 1967477895 [Version] 1048832 [Id] WindowsEditor(7,DESKTOP-MH3M7B4) [Debug] 1 [PackageName] WindowsEditor [ProjectName] Editor" joined multi-casting on [225.0.0.222:54997]...

Player connection [24840] Host "[IP] 10.18.13.106 [Port] 0 [Flags] 2 [Guid] 1967477895 [EditorId] 1967477895 [Version] 1048832 [Id] WindowsEditor(7,DESKTOP-MH3M7B4) [Debug] 1 [PackageName] WindowsEditor [ProjectName] Editor" joined alternative multi-casting on [225.0.0.222:34997]...

Refreshing native plugins compatible for Editor in 13.24 ms, found 4 plugins.
Preloading 0 native plugins for Editor in 0.00 ms.
Initialize engine version: 2022.2.13f1 (5f5de2657605)
[Subsystems] Discovering subsystems at path C:/Program Files/Unity/Hub/Editor/2022.2.13f1/Editor/Data/Resources/UnitySubsystems
[Subsystems] Discovering subsystems at path C:/Unity/DDAdayo/DragDropAttack/Assets
GfxDevice: creating device client; threaded=0; jobified=0
Direct3D:
    Version:  Direct3D 11.0 [level 11.1]
    Renderer: Intel(R) Iris(R) Xe Graphics (ID=0x9a49)
    Vendor:   Intel
    VRAM:     8043 MB
    Driver:   32.0.101.6129
Initialize mono
Mono path[0] = 'C:/Program Files/Unity/Hub/Editor/2022.2.13f1/Editor/Data/Managed'
Mono path[1] = 'C:/Program Files/Unity/Hub/Editor/2022.2.13f1/Editor/Data/MonoBleedingEdge/lib/mono/unityjit-win32'
Mono config path = 'C:/Program Files/Unity/Hub/Editor/2022.2.13f1/Editor/Data/MonoBleedingEdge/etc'
Using monoOptions --debugger-agent=transport=dt_socket,embedding=1,server=y,suspend=n,address=127.0.0.1:56856
Begin MonoManager ReloadAssembly
Registering precompiled unity dll's ...
Register platform support module: C:/Program Files/Unity/Hub/Editor/2022.2.13f1/Editor/Data/PlaybackEngines/AndroidPlayer/UnityEditor.Android.Extensions.dll
Register platform support module: C:/Program Files/Unity/Hub/Editor/2022.2.13f1/Editor/Data/PlaybackEngines/WindowsStandaloneSupport/UnityEditor.WindowsStandalone.Extensions.dll
Registered in 0.006163 seconds.
- Loaded All Assemblies, in  0.429 seconds
Native extension for WindowsStandalone target not found
Native extension for Android target not found
Android Extension - Scanning For ADB Devices 224 ms
Mono: successfully reloaded assembly
- Finished resetting the current domain, in  0.496 seconds
Domain Reload Profiling:
	ReloadAssembly (256ms)
		BeginReloadAssembly (114ms)
			ExecutionOrderSort (0ms)
			DisableScriptedObjects (0ms)
			BackupInstance (0ms)
			ReleaseScriptingObjects (0ms)
			CreateAndSetChildDomain (1ms)
		LoadAllAssembliesAndSetupDomain (0ms)
			LoadAssemblies (113ms)
			RebuildTransferFunctionScriptingTraits (0ms)
			SetupTypeCache (165ms)
				TypeCache.Initialize (164ms)
					TypeCache.ScanAssembly (161ms)
				ResolveRequiredComponents (1ms)
		FinalizeReload (0ms)
			ReleaseScriptCaches (0ms)
			RebuildScriptCaches (0ms)
			SetupLoadedEditorAssemblies (437ms)
				LogAssemblyErrors (0ms)
				InitializePlatformSupportModulesInManaged (299ms)
				SetLoadedEditorAssemblies (4ms)
				RefreshPlugins (0ms)
				BeforeProcessingInitializeOnLoad (1ms)
				ProcessInitializeOnLoadAttributes (92ms)
				ProcessInitializeOnLoadMethodAttributes (41ms)
				AfterProcessingInitializeOnLoad (0ms)
				EditorAssembliesLoaded (0ms)
			ExecutionOrderSort2 (0ms)
			AwakeInstancesAfterBackupRestoration (0ms)
========================================================================
Worker process is ready to serve import requests
Begin MonoManager ReloadAssembly
Symbol file LoadedFromMemory doesn't match image C:\Unity\DDAdayo\DragDropAttack\Library\PackageCache\com.unity.visualscripting@1.8.0\Editor\VisualScripting.Core\Dependencies\YamlDotNet\Unity.VisualScripting.YamlDotNet.dll
Symbol file LoadedFromMemory doesn't match image C:\Unity\DDAdayo\DragDropAttack\Library\PackageCache\com.unity.visualscripting@1.8.0\Editor\VisualScripting.Core\Dependencies\DotNetZip\Unity.VisualScripting.IonicZip.dll
- Loaded All Assemblies, in  0.717 seconds
Refreshing native plugins compatible for Editor in 2.79 ms, found 4 plugins.
Native extension for WindowsStandalone target not found
Native extension for Android target not found
Mono: successfully reloaded assembly
- Finished resetting the current domain, in  0.595 seconds
Domain Reload Profiling:
	ReloadAssembly (196ms)
		BeginReloadAssembly (121ms)
			ExecutionOrderSort (0ms)
			DisableScriptedObjects (5ms)
			BackupInstance (0ms)
			ReleaseScriptingObjects (0ms)
			CreateAndSetChildDomain (23ms)
		LoadAllAssembliesAndSetupDomain (520ms)
			LoadAssemblies (260ms)
			RebuildTransferFunctionScriptingTraits (0ms)
			SetupTypeCache (319ms)
				TypeCache.Initialize (295ms)
					TypeCache.ScanAssembly (291ms)
				ResolveRequiredComponents (4ms)
		FinalizeReload (0ms)
			ReleaseScriptCaches (0ms)
			RebuildScriptCaches (0ms)
			SetupLoadedEditorAssemblies (438ms)
				LogAssemblyErrors (0ms)
				InitializePlatformSupportModulesInManaged (26ms)
				SetLoadedEditorAssemblies (6ms)
				RefreshPlugins (0ms)
				BeforeProcessingInitializeOnLoad (114ms)
				ProcessInitializeOnLoadAttributes (256ms)
				ProcessInitializeOnLoadMethodAttributes (31ms)
				AfterProcessingInitializeOnLoad (3ms)
				EditorAssembliesLoaded (0ms)
			ExecutionOrderSort2 (0ms)
			AwakeInstancesAfterBackupRestoration (5ms)
Launched and connected shader compiler UnityShaderCompiler.exe after 0.05 seconds
Refreshing native plugins compatible for Editor in 4.07 ms, found 4 plugins.
Preloading 0 native plugins for Editor in 0.00 ms.
Unloading 4009 Unused Serialized files (Serialized files now loaded: 0)
Unloading 67 unused Assets / (254.9 KB). Loaded Objects now: 4467.
Memory consumption went from 138.6 MB to 138.3 MB.
Total: 3.167600 ms (FindLiveObjects: 0.362900 ms CreateObjectMapping: 0.177000 ms MarkObjects: 2.323200 ms  DeleteObjects: 0.302800 ms)

AssetImportParameters requested are different than current active one (requested -> active):
  custom:container-demuxer-ogg: 62fdf1f143b41e24485cea50d1cbac27 -> 
  custom:video-codec-MediaFoundation-h265: 746d11721c4dcdbdad8f713fa42b33f4 -> 
  custom:video-decoder-ogg-theora: a1e56fd34408186e4bbccfd4996cb3dc -> 
  custom:framework-win-MediaFoundation: 216162199b28c13a410421893ffa2e32 -> 
  custom:container-demuxer-webm: 4f35f7cbe854078d1ac9338744f61a02 -> 
  custom:container-muxer-webm: aa71ff27fc2769a1b78a27578f13a17b -> 
  custom:video-decoder-webm-vp8: 9c59270c3fd7afecdb556c50c9e8de78 -> 
  custom:AudioImporter_EditorPlatform: d09bf68614088b80899f8185d706f6e7 -> 
  custom:video-encoder-webm-vp8: eb34c28f22e8b96e1ab97ce403110664 -> 
  custom:audio-decoder-ogg-vorbis: bf7c407c2cedff20999df2af8eb42d56 -> 
  custom:audio-encoder-webm-vorbis: bf7c407c2cedff20999df2af8eb42d56 -> 
========================================================================
Received Import Request.
  Time since last request: 464948.964423 seconds.
  path: Assets/敵素材/Assets/Prefabs/References/CharaRef_12.prefab
  artifactKey: Guid(11952da9ae693554f987e02d5266b16e) Importer(815301076,1909f56bfc062723c751e8b465ee728b)
Start importing Assets/敵素材/Assets/Prefabs/References/CharaRef_12.prefab using Guid(11952da9ae693554f987e02d5266b16e) Importer(815301076,1909f56bfc062723c751e8b465ee728b)  -> (artifact id: 'cedfb78ecabe8c3f916f4a5990e32a08') in 0.095004 seconds
Number of updated asset objects reloaded before import = 0
Number of asset objects unloaded after import = 19
========================================================================
Received Import Request.
  Time since last request: 103.655396 seconds.
  path: Assets/敵素材/Assets/Prefabs/References/CharaRef_02.prefab
  artifactKey: Guid(8786c7590da650c4dbc00d29ea4b7e75) Importer(815301076,1909f56bfc062723c751e8b465ee728b)
Start importing Assets/敵素材/Assets/Prefabs/References/CharaRef_02.prefab using Guid(8786c7590da650c4dbc00d29ea4b7e75) Importer(815301076,1909f56bfc062723c751e8b465ee728b)  -> (artifact id: '523065b70306f6cdef477f3bfb247a9f') in 0.017254 seconds
Number of updated asset objects reloaded before import = 0
Number of asset objects unloaded after import = 20
========================================================================
Received Import Request.
  Time since last request: 10.082498 seconds.
  path: Assets/敵素材/Assets/Prefabs/References/CharaRef_03.prefab
  artifactKey: Guid(3b55f0e2581884b468ce44cb5e884a3f) Importer(815301076,1909f56bfc062723c751e8b465ee728b)
Start importing Assets/敵素材/Assets/Prefabs/References/CharaRef_03.prefab using Guid(3b55f0e2581884b468ce44cb5e884a3f) Importer(815301076,1909f56bfc062723c751e8b465ee728b)  -> (artifact id: '79e29528c58a5f7ea3a08a54f0c56c18') in 0.017881 seconds
Number of updated asset objects reloaded before import = 0
Number of asset objects unloaded after import = 20
========================================================================
Received Import Request.
  Time since last request: 8.804339 seconds.
  path: Assets/敵素材/Assets/Prefabs/Chara_04.prefab
  artifactKey: Guid(f7bd5a45c5d8f184796f92664e83ffdd) Importer(815301076,1909f56bfc062723c751e8b465ee728b)
Start importing Assets/敵素材/Assets/Prefabs/Chara_04.prefab using Guid(f7bd5a45c5d8f184796f92664e83ffdd) Importer(815301076,1909f56bfc062723c751e8b465ee728b)  -> (artifact id: '3877596711cfd988e9a43a9eac32b044') in 0.024722 seconds
Number of updated asset objects reloaded before import = 0
Number of asset objects unloaded after import = 54
========================================================================
Received Import Request.
  Time since last request: 7.658035 seconds.
  path: Assets/敵素材/Assets/Prefabs/References/CharaRef_04.prefab
  artifactKey: Guid(720adab1621b29445a8264b44d3d2711) Importer(815301076,1909f56bfc062723c751e8b465ee728b)
Start importing Assets/敵素材/Assets/Prefabs/References/CharaRef_04.prefab using Guid(720adab1621b29445a8264b44d3d2711) Importer(815301076,1909f56bfc062723c751e8b465ee728b)  -> (artifact id: 'e1c8e86a991b43cef0e02d9f197a7a37') in 0.015087 seconds
Number of updated asset objects reloaded before import = 0
Number of asset objects unloaded after import = 19
========================================================================
Received Import Request.
  Time since last request: 5.337665 seconds.
  path: Assets/敵素材/Assets/Prefabs/References/CharaRef_04.prefab
  artifactKey: Guid(720adab1621b29445a8264b44d3d2711) Importer(815301076,1909f56bfc062723c751e8b465ee728b)
Start importing Assets/敵素材/Assets/Prefabs/References/CharaRef_04.prefab using Guid(720adab1621b29445a8264b44d3d2711) Importer(815301076,1909f56bfc062723c751e8b465ee728b)  -> (artifact id: '8d1ddd1e720a1eb1feb73e6b8a6e7e09') in 0.017330 seconds
Number of updated asset objects reloaded before import = 0
Number of asset objects unloaded after import = 20
========================================================================
Received Import Request.
  Time since last request: 7.053317 seconds.
  path: Assets/敵素材/Assets/Prefabs/References/CharaRef_05.prefab
  artifactKey: Guid(b534f6712d7673840b5ef30a4b42edee) Importer(815301076,1909f56bfc062723c751e8b465ee728b)
Start importing Assets/敵素材/Assets/Prefabs/References/CharaRef_05.prefab using Guid(b534f6712d7673840b5ef30a4b42edee) Importer(815301076,1909f56bfc062723c751e8b465ee728b)  -> (artifact id: 'b2225a36b326c727bdefa896b41d5443') in 0.017920 seconds
Number of updated asset objects reloaded before import = 0
Number of asset objects unloaded after import = 20
========================================================================
Received Import Request.
  Time since last request: 4.848842 seconds.
  path: Assets/敵素材/Assets/Prefabs/References/CharaRef_06.prefab
  artifactKey: Guid(66322713e8649504b8220514a9f64f84) Importer(815301076,1909f56bfc062723c751e8b465ee728b)
Start importing Assets/敵素材/Assets/Prefabs/References/CharaRef_06.prefab using Guid(66322713e8649504b8220514a9f64f84) Importer(815301076,1909f56bfc062723c751e8b465ee728b)  -> (artifact id: 'e519fd593449b2f75c71bfb89d6ecbe6') in 0.015393 seconds
Number of updated asset objects reloaded before import = 0
Number of asset objects unloaded after import = 19
========================================================================
Received Import Request.
  Time since last request: 7.156084 seconds.
  path: Assets/敵素材/Assets/Prefabs/References/CharaRef_06.prefab
  artifactKey: Guid(66322713e8649504b8220514a9f64f84) Importer(815301076,1909f56bfc062723c751e8b465ee728b)
Start importing Assets/敵素材/Assets/Prefabs/References/CharaRef_06.prefab using Guid(66322713e8649504b8220514a9f64f84) Importer(815301076,1909f56bfc062723c751e8b465ee728b)  -> (artifact id: '542f734e853ee50fa12bbbb5f2f6e27a') in 0.010428 seconds
Number of updated asset objects reloaded before import = 0
Number of asset objects unloaded after import = 20
========================================================================
Received Import Request.
  Time since last request: 3.694633 seconds.
  path: Assets/敵素材/Assets/Prefabs/References/CharaRef_07.prefab
  artifactKey: Guid(0a97c07663527b649b725faf57f5590d) Importer(815301076,1909f56bfc062723c751e8b465ee728b)
Start importing Assets/敵素材/Assets/Prefabs/References/CharaRef_07.prefab using Guid(0a97c07663527b649b725faf57f5590d) Importer(815301076,1909f56bfc062723c751e8b465ee728b)  -> (artifact id: '2fcc7a616ac51f45942cb18629e28240') in 0.018967 seconds
Number of updated asset objects reloaded before import = 0
Number of asset objects unloaded after import = 19
========================================================================
Received Import Request.
  Time since last request: 9.062332 seconds.
  path: Assets/敵素材/Assets/Prefabs/References/CharaRef_07.prefab
  artifactKey: Guid(0a97c07663527b649b725faf57f5590d) Importer(815301076,1909f56bfc062723c751e8b465ee728b)
Start importing Assets/敵素材/Assets/Prefabs/References/CharaRef_07.prefab using Guid(0a97c07663527b649b725faf57f5590d) Importer(815301076,1909f56bfc062723c751e8b465ee728b)  -> (artifact id: '842caad0d25e3097e6654940472b8bf7') in 0.021484 seconds
Number of updated asset objects reloaded before import = 0
Number of asset objects unloaded after import = 20
========================================================================
Received Import Request.
  Time since last request: 2.607326 seconds.
  path: Assets/敵素材/Assets/Prefabs/References/CharaRef_08.prefab
  artifactKey: Guid(c0754c1e3b542b646bd2a401015c67c3) Importer(815301076,1909f56bfc062723c751e8b465ee728b)
Start importing Assets/敵素材/Assets/Prefabs/References/CharaRef_08.prefab using Guid(c0754c1e3b542b646bd2a401015c67c3) Importer(815301076,1909f56bfc062723c751e8b465ee728b)  -> (artifact id: 'cbc3a668ffaf8310c1026c1b6cd90bcd') in 0.017198 seconds
Number of updated asset objects reloaded before import = 0
Number of asset objects unloaded after import = 19
========================================================================
Received Import Request.
  Time since last request: 5.032495 seconds.
  path: Assets/敵素材/Assets/Prefabs/References/CharaRef_08.prefab
  artifactKey: Guid(c0754c1e3b542b646bd2a401015c67c3) Importer(815301076,1909f56bfc062723c751e8b465ee728b)
Start importing Assets/敵素材/Assets/Prefabs/References/CharaRef_08.prefab using Guid(c0754c1e3b542b646bd2a401015c67c3) Importer(815301076,1909f56bfc062723c751e8b465ee728b)  -> (artifact id: 'c4dccf59134857e0ba3990a21403adf6') in 0.010757 seconds
Number of updated asset objects reloaded before import = 0
Number of asset objects unloaded after import = 20
========================================================================
Received Import Request.
  Time since last request: 3.883409 seconds.
  path: Assets/敵素材/Assets/Prefabs/References/CharaRef_09.prefab
  artifactKey: Guid(47822b194a2ed404b8c4f66f3c2c367e) Importer(815301076,1909f56bfc062723c751e8b465ee728b)
Start importing Assets/敵素材/Assets/Prefabs/References/CharaRef_09.prefab using Guid(47822b194a2ed404b8c4f66f3c2c367e) Importer(815301076,1909f56bfc062723c751e8b465ee728b)  -> (artifact id: 'e71f344eb770a0339a57d75c9fc873b6') in 0.017906 seconds
Number of updated asset objects reloaded before import = 0
Number of asset objects unloaded after import = 19
========================================================================
Received Import Request.
  Time since last request: 8.195664 seconds.
  path: Assets/敵素材/Assets/Prefabs/References/CharaRef_09.prefab
  artifactKey: Guid(47822b194a2ed404b8c4f66f3c2c367e) Importer(815301076,1909f56bfc062723c751e8b465ee728b)
Start importing Assets/敵素材/Assets/Prefabs/References/CharaRef_09.prefab using Guid(47822b194a2ed404b8c4f66f3c2c367e) Importer(815301076,1909f56bfc062723c751e8b465ee728b)  -> (artifact id: 'd4a1b3f3c66f38c8baefabb424d6d128') in 0.017771 seconds
Number of updated asset objects reloaded before import = 0
Number of asset objects unloaded after import = 20
========================================================================
Received Import Request.
  Time since last request: 2.031535 seconds.
  path: Assets/敵素材/Assets/Prefabs/References/CharaRef_10.prefab
  artifactKey: Guid(bd496b28e0f0b1a43b517a82072a7c35) Importer(815301076,1909f56bfc062723c751e8b465ee728b)
Start importing Assets/敵素材/Assets/Prefabs/References/CharaRef_10.prefab using Guid(bd496b28e0f0b1a43b517a82072a7c35) Importer(815301076,1909f56bfc062723c751e8b465ee728b)  -> (artifact id: '704cb25e2a66d34814ecfc070eb70b40') in 0.015728 seconds
Number of updated asset objects reloaded before import = 0
Number of asset objects unloaded after import = 19
========================================================================
Received Import Request.
  Time since last request: 4.986754 seconds.
  path: Assets/敵素材/Assets/Prefabs/References/CharaRef_10.prefab
  artifactKey: Guid(bd496b28e0f0b1a43b517a82072a7c35) Importer(815301076,1909f56bfc062723c751e8b465ee728b)
Start importing Assets/敵素材/Assets/Prefabs/References/CharaRef_10.prefab using Guid(bd496b28e0f0b1a43b517a82072a7c35) Importer(815301076,1909f56bfc062723c751e8b465ee728b)  -> (artifact id: '795a3b6bb2efa5aa2724e5880017fd66') in 0.016460 seconds
Number of updated asset objects reloaded before import = 0
Number of asset objects unloaded after import = 20
========================================================================
Received Import Request.
  Time since last request: 3.020375 seconds.
  path: Assets/敵素材/Assets/Prefabs/References/CharaRef_11.prefab
  artifactKey: Guid(dcee947a87e15cd4787386626903cc5f) Importer(815301076,1909f56bfc062723c751e8b465ee728b)
Start importing Assets/敵素材/Assets/Prefabs/References/CharaRef_11.prefab using Guid(dcee947a87e15cd4787386626903cc5f) Importer(815301076,1909f56bfc062723c751e8b465ee728b)  -> (artifact id: '549c92c5db27a7c1f4528fb60779a067') in 0.015055 seconds
Number of updated asset objects reloaded before import = 0
Number of asset objects unloaded after import = 19
========================================================================
Received Import Request.
  Time since last request: 5.824268 seconds.
  path: Assets/敵素材/Assets/Prefabs/References/CharaRef_11.prefab
  artifactKey: Guid(dcee947a87e15cd4787386626903cc5f) Importer(815301076,1909f56bfc062723c751e8b465ee728b)
Start importing Assets/敵素材/Assets/Prefabs/References/CharaRef_11.prefab using Guid(dcee947a87e15cd4787386626903cc5f) Importer(815301076,1909f56bfc062723c751e8b465ee728b)  -> (artifact id: 'a870df64e97c2080f2c9b0d94a4eb1b9') in 0.009867 seconds
Number of updated asset objects reloaded before import = 0
Number of asset objects unloaded after import = 20
========================================================================
Received Import Request.
  Time since last request: 9.945645 seconds.
  path: Assets/敵素材/Assets/Prefabs/References/CharaRef_12.prefab
  artifactKey: Guid(11952da9ae693554f987e02d5266b16e) Importer(815301076,1909f56bfc062723c751e8b465ee728b)
Start importing Assets/敵素材/Assets/Prefabs/References/CharaRef_12.prefab using Guid(11952da9ae693554f987e02d5266b16e) Importer(815301076,1909f56bfc062723c751e8b465ee728b)  -> (artifact id: 'd27492334b450054cdbd76271821fe90') in 0.010273 seconds
Number of updated asset objects reloaded before import = 0
Number of asset objects unloaded after import = 20
========================================================================
Received Import Request.
  Time since last request: 6.723285 seconds.
  path: Assets/敵素材/Assets/Prefabs/References/CharaRef_13.prefab
  artifactKey: Guid(0299ce5f2ba94f84fa04575c5a784d9c) Importer(815301076,1909f56bfc062723c751e8b465ee728b)
Start importing Assets/敵素材/Assets/Prefabs/References/CharaRef_13.prefab using Guid(0299ce5f2ba94f84fa04575c5a784d9c) Importer(815301076,1909f56bfc062723c751e8b465ee728b)  -> (artifact id: '313db6ed5ff679392665955976b35105') in 0.016698 seconds
Number of updated asset objects reloaded before import = 0
Number of asset objects unloaded after import = 19
========================================================================
Received Import Request.
  Time since last request: 5.580001 seconds.
  path: Assets/敵素材/Assets/Prefabs/References/CharaRef_13.prefab
  artifactKey: Guid(0299ce5f2ba94f84fa04575c5a784d9c) Importer(815301076,1909f56bfc062723c751e8b465ee728b)
Start importing Assets/敵素材/Assets/Prefabs/References/CharaRef_13.prefab using Guid(0299ce5f2ba94f84fa04575c5a784d9c) Importer(815301076,1909f56bfc062723c751e8b465ee728b)  -> (artifact id: '47f7dd7869d06e80bddd84d80a724dfe') in 0.021155 seconds
Number of updated asset objects reloaded before import = 0
Number of asset objects unloaded after import = 20
========================================================================
Received Import Request.
  Time since last request: 3.498856 seconds.
  path: Assets/敵素材/Assets/Prefabs/References/CharaRef_14.prefab
  artifactKey: Guid(40e4278a57f11404583a38d4c5dd9b36) Importer(815301076,1909f56bfc062723c751e8b465ee728b)
Start importing Assets/敵素材/Assets/Prefabs/References/CharaRef_14.prefab using Guid(40e4278a57f11404583a38d4c5dd9b36) Importer(815301076,1909f56bfc062723c751e8b465ee728b)  -> (artifact id: '8ad55215f6574e1f2104ff520c56463b') in 0.017177 seconds
Number of updated asset objects reloaded before import = 0
Number of asset objects unloaded after import = 19
========================================================================
Received Import Request.
  Time since last request: 10.110330 seconds.
  path: Assets/敵素材/Assets/Prefabs/References/CharaRef_14.prefab
  artifactKey: Guid(40e4278a57f11404583a38d4c5dd9b36) Importer(815301076,1909f56bfc062723c751e8b465ee728b)
Start importing Assets/敵素材/Assets/Prefabs/References/CharaRef_14.prefab using Guid(40e4278a57f11404583a38d4c5dd9b36) Importer(815301076,1909f56bfc062723c751e8b465ee728b)  -> (artifact id: '41b829889e34cab5fe7bcaac928e7d89') in 0.009924 seconds
Number of updated asset objects reloaded before import = 0
Number of asset objects unloaded after import = 20
========================================================================
Received Import Request.
  Time since last request: 1.004747 seconds.
  path: Assets/EnemyData/NewEnemyData.asset
  artifactKey: Guid(758f105006c91334fa3afe1fb6ca95b0) Importer(815301076,1909f56bfc062723c751e8b465ee728b)
Start importing Assets/EnemyData/NewEnemyData.asset using Guid(758f105006c91334fa3afe1fb6ca95b0) Importer(815301076,1909f56bfc062723c751e8b465ee728b)  -> (artifact id: '50fcf7055d48594485008bd9c6079986') in 0.001318 seconds
Number of updated asset objects reloaded before import = 0
Number of asset objects unloaded after import = 1
========================================================================
Received Import Request.
  Time since last request: 1.566922 seconds.
  path: Assets/EnemyData/NewEnemyData 15.asset
  artifactKey: Guid(efc83b03d4ac37f4c9e6f9b51bfbff92) Importer(815301076,1909f56bfc062723c751e8b465ee728b)
Start importing Assets/EnemyData/NewEnemyData 15.asset using Guid(efc83b03d4ac37f4c9e6f9b51bfbff92) Importer(815301076,1909f56bfc062723c751e8b465ee728b)  -> (artifact id: '8cb27646e5ad5aecc3bc0b3d3f4a8f8a') in 0.001016 seconds
Number of updated asset objects reloaded before import = 0
Number of asset objects unloaded after import = 1
========================================================================
Received Import Request.
  Time since last request: 10.460113 seconds.
  path: Assets/EnemyData/NewEnemyData 13.asset
  artifactKey: Guid(062967198d9a60043bf372e4805de7a0) Importer(815301076,1909f56bfc062723c751e8b465ee728b)
Start importing Assets/EnemyData/NewEnemyData 13.asset using Guid(062967198d9a60043bf372e4805de7a0) Importer(815301076,1909f56bfc062723c751e8b465ee728b)  -> (artifact id: '32bc4881523f0953e3f79c5ecaca98d9') in 0.000969 seconds
Number of updated asset objects reloaded before import = 0
Number of asset objects unloaded after import = 1
========================================================================
Received Import Request.
  Time since last request: 1.661332 seconds.
  path: Assets/EnemyData/NewEnemyData 14.asset
  artifactKey: Guid(bdd01181bffa2ec4c86ca5e9ff8d6736) Importer(815301076,1909f56bfc062723c751e8b465ee728b)
Start importing Assets/EnemyData/NewEnemyData 14.asset using Guid(bdd01181bffa2ec4c86ca5e9ff8d6736) Importer(815301076,1909f56bfc062723c751e8b465ee728b)  -> (artifact id: 'd74ba1d41e4da593b8cff1928db59d10') in 0.000979 seconds
Number of updated asset objects reloaded before import = 0
Number of asset objects unloaded after import = 1
========================================================================
Received Import Request.
  Time since last request: 0.986108 seconds.
  path: Assets/EnemyData/NewEnemyData 12.asset
  artifactKey: Guid(261bd28a44a501d43b5ff3ee01ea45b3) Importer(815301076,1909f56bfc062723c751e8b465ee728b)
Start importing Assets/EnemyData/NewEnemyData 12.asset using Guid(261bd28a44a501d43b5ff3ee01ea45b3) Importer(815301076,1909f56bfc062723c751e8b465ee728b)  -> (artifact id: '3fdc32b45cd1ac1a3d28a96846f1358b') in 0.000927 seconds
Number of updated asset objects reloaded before import = 0
Number of asset objects unloaded after import = 1
========================================================================
Received Import Request.
  Time since last request: 32.182776 seconds.
  path: Assets/敵素材/Assets/Prefabs/References/CharaRef_15.prefab
  artifactKey: Guid(73f3f851c72e24a4da0bbc2db78d749d) Importer(815301076,1909f56bfc062723c751e8b465ee728b)
Start importing Assets/敵素材/Assets/Prefabs/References/CharaRef_15.prefab using Guid(73f3f851c72e24a4da0bbc2db78d749d) Importer(815301076,1909f56bfc062723c751e8b465ee728b)  -> (artifact id: '9fe31c77f870dcc848d5c8345aa70d9c') in 0.015979 seconds
Number of updated asset objects reloaded before import = 0
Number of asset objects unloaded after import = 19
========================================================================
Received Import Request.
  Time since last request: 7.896209 seconds.
  path: Assets/敵素材/Assets/Prefabs/References/CharaRef_15.prefab
  artifactKey: Guid(73f3f851c72e24a4da0bbc2db78d749d) Importer(815301076,1909f56bfc062723c751e8b465ee728b)
Start importing Assets/敵素材/Assets/Prefabs/References/CharaRef_15.prefab using Guid(73f3f851c72e24a4da0bbc2db78d749d) Importer(815301076,1909f56bfc062723c751e8b465ee728b)  -> (artifact id: '447f00ad2875a217ed224ea35b5bf521') in 0.009595 seconds
Number of updated asset objects reloaded before import = 0
Number of asset objects unloaded after import = 20
========================================================================
Received Import Request.
  Time since last request: 2.858677 seconds.
  path: Assets/CommandData/Healing.asset
  artifactKey: Guid(7658aba8415b5c642a4c0e69c694569d) Importer(815301076,1909f56bfc062723c751e8b465ee728b)
Start importing Assets/CommandData/Healing.asset using Guid(7658aba8415b5c642a4c0e69c694569d) Importer(815301076,1909f56bfc062723c751e8b465ee728b)  -> (artifact id: 'f8563c6efa5bb58a43ec214ef8e789b0') in 0.001272 seconds
Number of updated asset objects reloaded before import = 0
Number of asset objects unloaded after import = 1
========================================================================
Received Import Request.
  Time since last request: 8.533069 seconds.
  path: Assets/CommandData/Naguru.asset
  artifactKey: Guid(09dadb74ec052424881f5a47ddabb3fe) Importer(815301076,1909f56bfc062723c751e8b465ee728b)
Start importing Assets/CommandData/Naguru.asset using Guid(09dadb74ec052424881f5a47ddabb3fe) Importer(815301076,1909f56bfc062723c751e8b465ee728b)  -> (artifact id: '98943b2776714da7766fa9df590cc803') in 0.006642 seconds
Number of updated asset objects reloaded before import = 0
Number of asset objects unloaded after import = 1
========================================================================
Received Import Request.
  Time since last request: 3.591006 seconds.
  path: Assets/CommandData/tatakiotosu.asset
  artifactKey: Guid(ec21289ed5b9ad24eb39d40ebf871f6c) Importer(815301076,1909f56bfc062723c751e8b465ee728b)
Start importing Assets/CommandData/tatakiotosu.asset using Guid(ec21289ed5b9ad24eb39d40ebf871f6c) Importer(815301076,1909f56bfc062723c751e8b465ee728b)  -> (artifact id: '9f46e70026811edd46317931d5bfd9a7') in 0.001064 seconds
Number of updated asset objects reloaded before import = 0
Number of asset objects unloaded after import = 1
========================================================================
Received Import Request.
  Time since last request: 7.293496 seconds.
  path: Assets/CommandData/Tukitobasu.asset
  artifactKey: Guid(af27306ad1b0dd7428bcde7ef025f4ce) Importer(815301076,1909f56bfc062723c751e8b465ee728b)
Start importing Assets/CommandData/Tukitobasu.asset using Guid(af27306ad1b0dd7428bcde7ef025f4ce) Importer(815301076,1909f56bfc062723c751e8b465ee728b)  -> (artifact id: 'b755d6aefac05c85b27561703b29a59c') in 0.001072 seconds
Number of updated asset objects reloaded before import = 0
Number of asset objects unloaded after import = 1
========================================================================
Received Prepare
Begin MonoManager ReloadAssembly
Symbol file LoadedFromMemory doesn't match image C:\Unity\DDAdayo\DragDropAttack\Library\PackageCache\com.unity.visualscripting@1.8.0\Editor\VisualScripting.Core\Dependencies\YamlDotNet\Unity.VisualScripting.YamlDotNet.dll
Symbol file LoadedFromMemory doesn't match image C:\Unity\DDAdayo\DragDropAttack\Library\PackageCache\com.unity.visualscripting@1.8.0\Editor\VisualScripting.Core\Dependencies\DotNetZip\Unity.VisualScripting.IonicZip.dll
- Loaded All Assemblies, in  0.717 seconds
Refreshing native plugins compatible for Editor in 2.82 ms, found 4 plugins.
Native extension for WindowsStandalone target not found
Native extension for Android target not found
Mono: successfully reloaded assembly
- Finished resetting the current domain, in  1.331 seconds
Domain Reload Profiling:
	ReloadAssembly (225ms)
		BeginReloadAssembly (140ms)
			ExecutionOrderSort (0ms)
			DisableScriptedObjects (6ms)
			BackupInstance (0ms)
			ReleaseScriptingObjects (0ms)
			CreateAndSetChildDomain (48ms)
		LoadAllAssembliesAndSetupDomain (490ms)
			LoadAssemblies (281ms)
			RebuildTransferFunctionScriptingTraits (0ms)
			SetupTypeCache (262ms)
				TypeCache.Initialize (258ms)
					TypeCache.ScanAssembly (251ms)
				ResolveRequiredComponents (4ms)
		FinalizeReload (0ms)
			ReleaseScriptCaches (0ms)
			RebuildScriptCaches (0ms)
			SetupLoadedEditorAssemblies (633ms)
				LogAssemblyErrors (0ms)
				InitializePlatformSupportModulesInManaged (33ms)
				SetLoadedEditorAssemblies (9ms)
				RefreshPlugins (0ms)
				BeforeProcessingInitializeOnLoad (153ms)
				ProcessInitializeOnLoadAttributes (379ms)
				ProcessInitializeOnLoadMethodAttributes (50ms)
				AfterProcessingInitializeOnLoad (9ms)
				EditorAssembliesLoaded (0ms)
			ExecutionOrderSort2 (0ms)
			AwakeInstancesAfterBackupRestoration (14ms)
Refreshing native plugins compatible for Editor in 7.14 ms, found 4 plugins.
Preloading 0 native plugins for Editor in 0.00 ms.
Unloading 3990 Unused Serialized files (Serialized files now loaded: 0)
Unloading 41 unused Assets / (217.4 KB). Loaded Objects now: 4482.
Memory consumption went from 139.0 MB to 138.8 MB.
Total: 6.189800 ms (FindLiveObjects: 0.687900 ms CreateObjectMapping: 0.700500 ms MarkObjects: 4.506500 ms  DeleteObjects: 0.290800 ms)

Prepare: number of updated asset objects reloaded= 0
AssetImportParameters requested are different than current active one (requested -> active):
  custom:container-demuxer-ogg: 62fdf1f143b41e24485cea50d1cbac27 -> 
  custom:video-codec-MediaFoundation-h265: 746d11721c4dcdbdad8f713fa42b33f4 -> 
  custom:video-decoder-ogg-theora: a1e56fd34408186e4bbccfd4996cb3dc -> 
  custom:framework-win-MediaFoundation: 216162199b28c13a410421893ffa2e32 -> 
  custom:container-demuxer-webm: 4f35f7cbe854078d1ac9338744f61a02 -> 
  custom:container-muxer-webm: aa71ff27fc2769a1b78a27578f13a17b -> 
  custom:video-decoder-webm-vp8: 9c59270c3fd7afecdb556c50c9e8de78 -> 
  custom:AudioImporter_EditorPlatform: d09bf68614088b80899f8185d706f6e7 -> 
  custom:video-encoder-webm-vp8: eb34c28f22e8b96e1ab97ce403110664 -> 
  custom:audio-decoder-ogg-vorbis: bf7c407c2cedff20999df2af8eb42d56 -> 
  custom:audio-encoder-webm-vorbis: bf7c407c2cedff20999df2af8eb42d56 -> 
