
=== Mon Feb  3 14:34:27 2025

Packages were changed.
Update Mode: mergeDefaultDependencies

The following packages were added:
  com.unity.modules.ai@1.0.0
  com.unity.modules.androidjni@1.0.0
  com.unity.modules.animation@1.0.0
  com.unity.modules.assetbundle@1.0.0
  com.unity.modules.audio@1.0.0
  com.unity.modules.cloth@1.0.0
  com.unity.modules.director@1.0.0
  com.unity.modules.imageconversion@1.0.0
  com.unity.modules.imgui@1.0.0
  com.unity.modules.jsonserialize@1.0.0
  com.unity.modules.particlesystem@1.0.0
  com.unity.modules.physics@1.0.0
  com.unity.modules.physics2d@1.0.0
  com.unity.modules.screencapture@1.0.0
  com.unity.modules.terrain@1.0.0
  com.unity.modules.terrainphysics@1.0.0
  com.unity.modules.tilemap@1.0.0
  com.unity.modules.ui@1.0.0
  com.unity.modules.uielements@1.0.0
  com.unity.modules.umbra@1.0.0
  com.unity.modules.unityanalytics@1.0.0
  com.unity.modules.unitywebrequest@1.0.0
  com.unity.modules.unitywebrequestassetbundle@1.0.0
  com.unity.modules.unitywebrequestaudio@1.0.0
  com.unity.modules.unitywebrequesttexture@1.0.0
  com.unity.modules.unitywebrequestwww@1.0.0
  com.unity.modules.vehicles@1.0.0
  com.unity.modules.video@1.0.0
  com.unity.modules.vr@1.0.0
  com.unity.modules.wind@1.0.0
  com.unity.modules.xr@1.0.0
The following packages were updated:
  com.unity.collab-proxy from version 2.0.0 to 2.4.4
  com.unity.feature.2d from version 1.0.0 to 2.0.1
  com.unity.ide.rider from version 3.0.18 to 3.0.31
  com.unity.ide.visualstudio from version 2.0.17 to 2.0.22
  com.unity.timeline from version 1.7.3 to 1.7.6
  com.unity.visualscripting from version 1.8.0 to 1.9.4

=== Mon Feb  3 14:38:32 2025

Packages were changed.
Update Mode: updateDependencies

The following packages were updated:
  com.unity.2d.animation from version 7.0.4 to 9.1.1

=== Mon Feb  3 14:38:32 2025

Packages were changed.
Update Mode: mergeDefaultDependencies

The following packages were added:
  com.unity.2d.animation@9.1.1

=== Thu Feb  6 12:00:42 2025

Packages were changed.
Update Mode: updateDependencies

The following packages were 更新済:
  com.unity.2d.animation をバージョン 3.2.6 から 9.0.1 へ
  com.unity.2d.pixel-perfect をバージョン 2.1.0 から 5.0.3 へ
  com.unity.2d.psdimporter をバージョン 2.1.6 から 8.0.2 へ
  com.unity.2d.spriteshape をバージョン 3.0.14 から 9.0.1 へ
  com.unity.collab-proxy をバージョン 1.2.16 から 2.0.1 へ
  com.unity.ide.rider をバージョン 1.1.4 から 3.0.18 へ
  com.unity.ide.vscode をバージョン 1.2.3 から 1.2.5 へ
  com.unity.test-framework をバージョン 1.1.20 から 1.1.33 へ
  com.unity.textmeshpro をバージョン 2.1.1 から 3.0.6 へ
  com.unity.timeline をバージョン 1.2.17 から 1.7.4 へ

=== Thu Feb  6 12:00:42 2025

Packages were changed.
Update Mode: mergeDefaultDependencies

The following packages were 追加済:
  com.unity.2d.animation@9.0.1
  com.unity.2d.pixel-perfect@5.0.3
  com.unity.2d.psdimporter@8.0.2
  com.unity.2d.sprite@1.0.0
  com.unity.2d.spriteshape@9.0.1
  com.unity.2d.tilemap@1.0.0
  com.unity.ide.vscode@1.2.5
